<?xml version="1.0" encoding="utf-8"?><testsuites name="pytest tests"><testsuite name="pytest" errors="0" failures="1" skipped="0" tests="17" time="8.159" timestamp="2026-05-04T08:22:46.688969+00:00" hostname="agent-env-f2f35837-1378-4fa6-b35c-1a3813eddea0"><testcase classname="backend.tests.backend_test.TestHealth" name="test_health" time="0.206" /><testcase classname="backend.tests.backend_test.TestAuth" name="test_register_sets_cookies_and_returns_user" time="0.412" /><testcase classname="backend.tests.backend_test.TestAuth" name="test_register_duplicate_returns_409" time="0.521" /><testcase classname="backend.tests.backend_test.TestAuth" name="test_admin_login_ok" time="0.376" /><testcase classname="backend.tests.backend_test.TestAuth" name="test_me_without_cookie_returns_401" time="0.100" /><testcase classname="backend.tests.backend_test.TestAuth" name="test_logout_clears_cookies" time="0.594" /><testcase classname="backend.tests.backend_test.TestAuth" name="test_refresh_issues_new_access" time="0.426" /><testcase classname="backend.tests.backend_test.TestAuth" name="test_bad_password_returns_401" time="0.726" /><testcase classname="backend.tests.backend_test.TestAuth" name="test_brute_force_lockout_429" time="2.784"><failure message="AssertionError: Expected lockout 429 on 6th attempt, got 401&#10;assert 401 == 429&#10; +  where 401 = &lt;Response [401]&gt;.status_code">backend/tests/backend_test.py:114: in test_brute_force_lockout_429
    assert r6.status_code == 429, f"Expected lockout 429 on 6th attempt, got {r6.status_code}"
E   AssertionError: Expected lockout 429 on 6th attempt, got 401
E   assert 401 == 429
E    +  where 401 = &lt;Response [401]&gt;.status_code</failure></testcase><testcase classname="backend.tests.backend_test.TestItineraryCRUD" name="test_create_requires_auth" time="0.261" /><testcase classname="backend.tests.backend_test.TestItineraryCRUD" name="test_create_itinerary" time="0.414" /><testcase classname="backend.tests.backend_test.TestItineraryCRUD" name="test_list_returns_only_own" time="0.531" /><testcase classname="backend.tests.backend_test.TestItineraryCRUD" name="test_get_404_for_non_owner" time="0.055" /><testcase classname="backend.tests.backend_test.TestItineraryCRUD" name="test_get_by_id_owner" time="0.056" /><testcase classname="backend.tests.backend_test.TestItineraryCRUD" name="test_update_nested_arrays" time="0.114" /><testcase classname="backend.tests.backend_test.TestItineraryCRUD" name="test_delete_and_verify" time="0.174" /><testcase classname="backend.tests.backend_test.TestItineraryCRUD" name="test_cleanup_all_test_itineraries" time="0.211" /></testsuite></testsuites>