<?xml version="1.0" encoding="utf-8"?><testsuites name="pytest tests"><testsuite name="pytest" errors="0" failures="0" skipped="0" tests="21" time="7.682" timestamp="2026-05-04T08:55:23.382563+00:00" hostname="agent-env-f2f35837-1378-4fa6-b35c-1a3813eddea0"><testcase classname="backend.tests.backend_test.TestHealth" name="test_health" time="0.246" /><testcase classname="backend.tests.backend_test.TestAuth" name="test_register_sets_cookies_and_returns_user" time="0.383" /><testcase classname="backend.tests.backend_test.TestAuth" name="test_register_duplicate_returns_409" time="0.468" /><testcase classname="backend.tests.backend_test.TestAuth" name="test_admin_login_ok" time="0.380" /><testcase classname="backend.tests.backend_test.TestAuth" name="test_me_without_cookie_returns_401" time="0.110" /><testcase classname="backend.tests.backend_test.TestAuth" name="test_logout_clears_cookies" time="0.494" /><testcase classname="backend.tests.backend_test.TestAuth" name="test_refresh_issues_new_access" time="0.376" /><testcase classname="backend.tests.backend_test.TestAuth" name="test_bad_password_returns_401" time="0.775" /><testcase classname="backend.tests.backend_test.TestAuth" name="test_brute_force_lockout_429" time="2.171" /><testcase classname="backend.tests.backend_test.TestItineraryCRUD" name="test_create_requires_auth" time="0.102" /><testcase classname="backend.tests.backend_test.TestItineraryCRUD" name="test_create_itinerary" time="0.370" /><testcase classname="backend.tests.backend_test.TestItineraryCRUD" name="test_list_returns_only_own" time="0.487" /><testcase classname="backend.tests.backend_test.TestItineraryCRUD" name="test_get_404_for_non_owner" time="0.201" /><testcase classname="backend.tests.backend_test.TestItineraryCRUD" name="test_get_by_id_owner" time="0.048" /><testcase classname="backend.tests.backend_test.TestItineraryCRUD" name="test_update_nested_arrays" time="0.093" /><testcase classname="backend.tests.backend_test.TestItineraryCRUD" name="test_delete_and_verify" time="0.139" /><testcase classname="backend.tests.backend_test.TestItineraryCRUD" name="test_cleanup_all_test_itineraries" time="0.204" /><testcase classname="backend.tests.backend_test.TestInquiries" name="test_create_inquiry_ok" time="0.110" /><testcase classname="backend.tests.backend_test.TestInquiries" name="test_create_inquiry_missing_name_returns_400" time="0.101" /><testcase classname="backend.tests.backend_test.TestInquiries" name="test_create_inquiry_missing_email_returns_400" time="0.116" /><testcase classname="backend.tests.backend_test.TestInquiries" name="test_create_inquiry_minimal_fields" time="0.121" /></testsuite></testsuites>